f:\projects\git\chess_observers\git repository\chess-observers\chessobserver\x64\debug\rcc\qrc_mainwindow.cpp
f:\projects\git\chess_observers\git repository\chess-observers\chessobserver\x64\debug\moc\moc_mainwindow.cpp
f:\projects\git\chess_observers\git repository\chess-observers\chessobserver\x64\debug\qrc_mainwindow.obj
f:\projects\git\chess_observers\git repository\chess-observers\chessobserver\x64\debug\moc_mainwindow.obj
f:\projects\git\chess_observers\git repository\chess-observers\chessobserver\x64\debug\vc142.pdb
f:\projects\git\chess_observers\git repository\chess-observers\chessobserver\x64\debug\interface.obj
f:\projects\git\chess_observers\git repository\chess-observers\chessobserver\x64\debug\main.obj
f:\projects\git\chess_observers\git repository\chess-observers\chessobserver\x64\debug\imageprocessing.obj
f:\projects\git\chess_observers\git repository\chess-observers\chessobserver\x64\debug\mainwindow.obj
f:\projects\git\chess_observers\git repository\chess-observers\x64\debug\chessobserver.exe
f:\projects\git\chess_observers\git repository\chess-observers\x64\debug\chessobserver.ilk
f:\projects\git\chess_observers\git repository\chess-observers\x64\debug\chessobserver.pdb
g:\university\3\1\pim\p\chess-observers\chessobserver\x64\debug\imageprocessing.obj
g:\university\3\1\pim\p\chess-observers\chessobserver\x64\debug\interface.obj
g:\university\3\1\pim\p\chess-observers\chessobserver\x64\debug\main.obj
g:\university\3\1\pim\p\chess-observers\chessobserver\x64\debug\mainwindow.obj
g:\university\3\1\pim\p\chess-observers\chessobserver\x64\debug\moc_mainwindow.obj
g:\university\3\1\pim\p\chess-observers\chessobserver\x64\debug\qrc_mainwindow.obj
g:\university\3\1\pim\p\chess-observers\chessobserver\x64\debug\vc142.pdb
g:\university\3\1\pim\p\chess-observers\x64\debug\chessobserver.pdb
g:\university\3\1\pim\p\chess-observers\x64\debug\chessobserver.exe
g:\university\3\1\pim\p\chess-observers\x64\debug\chessobserver.ilk
g:\university\3\1\pim\p\chess-observers\chessobserver\x64\debug\chessobserver.tlog\chessobserver.write.1u.tlog
g:\university\3\1\pim\p\chess-observers\chessobserver\x64\debug\chessobserver.tlog\cl.command.1.tlog
g:\university\3\1\pim\p\chess-observers\chessobserver\x64\debug\chessobserver.tlog\cl.read.1.tlog
g:\university\3\1\pim\p\chess-observers\chessobserver\x64\debug\chessobserver.tlog\cl.write.1.tlog
g:\university\3\1\pim\p\chess-observers\chessobserver\x64\debug\chessobserver.tlog\link.command.1.tlog
g:\university\3\1\pim\p\chess-observers\chessobserver\x64\debug\chessobserver.tlog\link.read.1.tlog
g:\university\3\1\pim\p\chess-observers\chessobserver\x64\debug\chessobserver.tlog\link.write.1.tlog
g:\university\3\1\pim\p\chess-observers\chessobserver\x64\debug\chessobserver.tlog\moc.read.1u.tlog
g:\university\3\1\pim\p\chess-observers\chessobserver\x64\debug\chessobserver.tlog\moc.write.1u.tlog
g:\university\3\1\pim\p\chess-observers\chessobserver\x64\debug\chessobserver.tlog\rcc.read.1u.tlog
g:\university\3\1\pim\p\chess-observers\chessobserver\x64\debug\chessobserver.tlog\rcc.write.1u.tlog
